<?xml version="1.0" ?>
<!DOCTYPE coverage SYSTEM "http://cobertura.sourceforge.net/xml/coverage-04.dtd">
<coverage lines-valid="146" lines-covered="137" line-rate="0.9383" branches-valid="42" branches-covered="33" branch-rate="0.7857" timestamp="1744372787929" complexity="0" version="0.1">
  <sources>
    <source>/home/runner/work/bundle-multilang/bundle-multilang</source>
  </sources>
  <packages>
    <package name="src" line-rate="0.9642000000000001" branch-rate="0.5">
      <classes>
        <class name="LangModule.ts" filename="src/LangModule.ts" line-rate="0.9523" branch-rate="0.5">
          <methods>
            <method name="(anonymous_1)" hits="1" signature="()V">
              <lines>
                <line number="14" hits="1"/>
              </lines>
            </method>
            <method name="(anonymous_2)" hits="1" signature="()V">
              <lines>
                <line number="26" hits="1"/>
              </lines>
            </method>
            <method name="(anonymous_3)" hits="1" signature="()V">
              <lines>
                <line number="31" hits="1"/>
              </lines>
            </method>
            <method name="(anonymous_4)" hits="1" signature="()V">
              <lines>
                <line number="47" hits="1"/>
              </lines>
            </method>
          </methods>
          <lines>
            <line number="1" hits="1" branch="false"/>
            <line number="2" hits="1" branch="false"/>
            <line number="3" hits="1" branch="false"/>
            <line number="5" hits="1" branch="false"/>
            <line number="21" hits="1" branch="false"/>
            <line number="22" hits="1" branch="false"/>
            <line number="23" hits="1" branch="false"/>
            <line number="27" hits="1" branch="false"/>
            <line number="28" hits="1" branch="false"/>
            <line number="32" hits="1" branch="false"/>
            <line number="33" hits="1" branch="false"/>
            <line number="34" hits="1" branch="false"/>
            <line number="35" hits="1" branch="true" condition-coverage="100% (1/1)"/>
            <line number="36" hits="1" branch="false"/>
            <line number="37" hits="1" branch="true" condition-coverage="0% (0/1)"/>
            <line number="38" hits="0" branch="false"/>
            <line number="40" hits="1" branch="false"/>
            <line number="41" hits="1" branch="false"/>
            <line number="42" hits="1" branch="false"/>
            <line number="44" hits="1" branch="false"/>
            <line number="48" hits="1" branch="false"/>
          </lines>
        </class>
        <class name="index.ts" filename="src/index.ts" line-rate="1" branch-rate="1">
          <methods>
          </methods>
          <lines>
            <line number="1" hits="1" branch="false"/>
            <line number="2" hits="1" branch="false"/>
            <line number="3" hits="1" branch="false"/>
            <line number="5" hits="1" branch="false"/>
            <line number="6" hits="1" branch="false"/>
            <line number="8" hits="1" branch="false"/>
            <line number="9" hits="1" branch="false"/>
          </lines>
        </class>
      </classes>
    </package>
    <package name="src.class" line-rate="0.95" branch-rate="0.6666">
      <classes>
        <class name="GLang.ts" filename="src/class/GLang.ts" line-rate="0.95" branch-rate="0.6666">
          <methods>
            <method name="(anonymous_0)" hits="4" signature="()V">
              <lines>
                <line number="13" hits="4"/>
              </lines>
            </method>
            <method name="(anonymous_1)" hits="1" signature="()V">
              <lines>
                <line number="23" hits="1"/>
              </lines>
            </method>
            <method name="(anonymous_2)" hits="4" signature="()V">
              <lines>
                <line number="27" hits="4"/>
              </lines>
            </method>
            <method name="(anonymous_3)" hits="6" signature="()V">
              <lines>
                <line number="29" hits="6"/>
              </lines>
            </method>
            <method name="(anonymous_4)" hits="12" signature="()V">
              <lines>
                <line number="34" hits="12"/>
              </lines>
            </method>
            <method name="(anonymous_5)" hits="12" signature="()V">
              <lines>
                <line number="38" hits="12"/>
              </lines>
            </method>
          </methods>
          <lines>
            <line number="1" hits="1" branch="false"/>
            <line number="4" hits="1" branch="false"/>
            <line number="14" hits="4" branch="false"/>
            <line number="15" hits="4" branch="false"/>
            <line number="16" hits="4" branch="false"/>
            <line number="17" hits="4" branch="false"/>
            <line number="18" hits="4" branch="true" condition-coverage="100% (1/1)"/>
            <line number="19" hits="4" branch="false"/>
            <line number="24" hits="1" branch="false"/>
            <line number="28" hits="4" branch="false"/>
            <line number="29" hits="4" branch="false"/>
            <line number="30" hits="6" branch="false"/>
            <line number="35" hits="12" branch="false"/>
            <line number="39" hits="12" branch="true" condition-coverage="100% (1/1)"/>
            <line number="40" hits="4" branch="true" condition-coverage="50% (1/2)"/>
            <line number="43" hits="8" branch="true" condition-coverage="50% (1/2)"/>
            <line number="44" hits="8" branch="false"/>
            <line number="46" hits="0" branch="false"/>
            <line number="49" hits="8" branch="false"/>
            <line number="50" hits="8" branch="false"/>
          </lines>
        </class>
      </classes>
    </package>
    <package name="src.client" line-rate="0.8985" branch-rate="0.75">
      <classes>
        <class name="LangClient.ts" filename="src/client/LangClient.ts" line-rate="0.8985" branch-rate="0.75">
          <methods>
            <method name="(anonymous_7)" hits="1" signature="()V">
              <lines>
                <line number="21" hits="1"/>
              </lines>
            </method>
            <method name="(anonymous_8)" hits="8" signature="()V">
              <lines>
                <line number="25" hits="8"/>
              </lines>
            </method>
            <method name="(anonymous_9)" hits="1" signature="()V">
              <lines>
                <line number="29" hits="1"/>
              </lines>
            </method>
            <method name="(anonymous_10)" hits="5" signature="()V">
              <lines>
                <line number="41" hits="5"/>
              </lines>
            </method>
            <method name="(anonymous_11)" hits="1" signature="()V">
              <lines>
                <line number="79" hits="1"/>
              </lines>
            </method>
            <method name="(anonymous_12)" hits="4" signature="()V">
              <lines>
                <line number="83" hits="4"/>
              </lines>
            </method>
            <method name="(anonymous_13)" hits="4" signature="()V">
              <lines>
                <line number="97" hits="4"/>
              </lines>
            </method>
            <method name="(anonymous_14)" hits="1" signature="()V">
              <lines>
                <line number="101" hits="1"/>
              </lines>
            </method>
            <method name="(anonymous_15)" hits="2" signature="()V">
              <lines>
                <line number="103" hits="2"/>
              </lines>
            </method>
            <method name="(anonymous_16)" hits="1" signature="()V">
              <lines>
                <line number="110" hits="1"/>
              </lines>
            </method>
            <method name="(anonymous_17)" hits="1" signature="()V">
              <lines>
                <line number="156" hits="1"/>
              </lines>
            </method>
            <method name="(anonymous_18)" hits="2" signature="()V">
              <lines>
                <line number="165" hits="2"/>
              </lines>
            </method>
          </methods>
          <lines>
            <line number="1" hits="1" branch="false"/>
            <line number="2" hits="1" branch="false"/>
            <line number="3" hits="1" branch="false"/>
            <line number="5" hits="1" branch="false"/>
            <line number="7" hits="1" branch="false"/>
            <line number="8" hits="1" branch="false"/>
            <line number="10" hits="1" branch="false"/>
            <line number="17" hits="1" branch="false"/>
            <line number="19" hits="1" branch="false"/>
            <line number="22" hits="1" branch="false"/>
            <line number="26" hits="8" branch="false"/>
            <line number="30" hits="1" branch="false"/>
            <line number="31" hits="1" branch="false"/>
            <line number="45" hits="5" branch="false"/>
            <line number="46" hits="5" branch="false"/>
            <line number="47" hits="5" branch="true" condition-coverage="0% (0/1)"/>
            <line number="48" hits="0" branch="false"/>
            <line number="50" hits="5" branch="false"/>
            <line number="51" hits="5" branch="true" condition-coverage="100% (2/2)"/>
            <line number="52" hits="3" branch="false"/>
            <line number="58" hits="2" branch="false"/>
            <line number="59" hits="2" branch="false"/>
            <line number="70" hits="5" branch="false"/>
            <line number="76" hits="5" branch="false"/>
            <line number="80" hits="1" branch="false"/>
            <line number="84" hits="4" branch="false"/>
            <line number="85" hits="4" branch="true" condition-coverage="100% (1/1)"/>
            <line number="86" hits="4" branch="false"/>
            <line number="87" hits="4" branch="true" condition-coverage="100% (3/3)"/>
            <line number="88" hits="4" branch="false"/>
            <line number="89" hits="4" branch="true" condition-coverage="100% (1/1)"/>
            <line number="90" hits="4" branch="false"/>
            <line number="94" hits="0" branch="true" condition-coverage="0% (0/2)"/>
            <line number="98" hits="4" branch="false"/>
            <line number="102" hits="1" branch="false"/>
            <line number="103" hits="2" branch="false"/>
            <line number="111" hits="1" branch="false"/>
            <line number="112" hits="1" branch="false"/>
            <line number="113" hits="1" branch="false"/>
            <line number="114" hits="1" branch="true" condition-coverage="50% (1/2)"/>
            <line number="115" hits="1" branch="false"/>
            <line number="118" hits="1" branch="false"/>
            <line number="119" hits="2" branch="false"/>
            <line number="120" hits="2" branch="true" condition-coverage="100% (3/3)"/>
            <line number="121" hits="2" branch="false"/>
            <line number="122" hits="2" branch="false"/>
            <line number="123" hits="2" branch="false"/>
            <line number="124" hits="2" branch="false"/>
            <line number="125" hits="2" branch="true" condition-coverage="50% (1/2)"/>
            <line number="126" hits="0" branch="false"/>
            <line number="128" hits="2" branch="false"/>
            <line number="131" hits="2" branch="false"/>
            <line number="134" hits="2" branch="false"/>
            <line number="135" hits="2" branch="false"/>
            <line number="136" hits="2" branch="false"/>
            <line number="137" hits="4" branch="false"/>
            <line number="146" hits="2" branch="false"/>
            <line number="151" hits="0" branch="false"/>
            <line number="152" hits="0" branch="false"/>
            <line number="157" hits="1" branch="false"/>
            <line number="158" hits="1" branch="true" condition-coverage="75% (3/4)"/>
            <line number="159" hits="1" branch="false"/>
            <line number="161" hits="0" branch="false"/>
            <line number="166" hits="2" branch="false"/>
            <line number="168" hits="2" branch="true" condition-coverage="100% (1/1)"/>
            <line number="169" hits="2" branch="false"/>
            <line number="170" hits="2" branch="true" condition-coverage="100% (1/1)"/>
            <line number="171" hits="2" branch="false"/>
            <line number="174" hits="0" branch="false"/>
          </lines>
        </class>
      </classes>
    </package>
    <package name="src.db" line-rate="1" branch-rate="1">
      <classes>
        <class name="LangDb.ts" filename="src/db/LangDb.ts" line-rate="1" branch-rate="1">
          <methods>
            <method name="(anonymous_1)" hits="1" signature="()V">
              <lines>
                <line number="10" hits="1"/>
              </lines>
            </method>
            <method name="(anonymous_2)" hits="1" signature="()V">
              <lines>
                <line number="16" hits="1"/>
              </lines>
            </method>
          </methods>
          <lines>
            <line number="1" hits="1" branch="false"/>
            <line number="2" hits="1" branch="false"/>
            <line number="3" hits="1" branch="false"/>
            <line number="5" hits="1" branch="false"/>
            <line number="11" hits="1" branch="false"/>
            <line number="12" hits="1" branch="false"/>
            <line number="13" hits="1" branch="false"/>
            <line number="17" hits="1" branch="false"/>
          </lines>
        </class>
        <class name="index.ts" filename="src/db/index.ts" line-rate="1" branch-rate="1">
          <methods>
          </methods>
          <lines>
            <line number="1" hits="1" branch="false"/>
            <line number="2" hits="1" branch="false"/>
            <line number="3" hits="1" branch="false"/>
            <line number="5" hits="1" branch="false"/>
          </lines>
        </class>
      </classes>
    </package>
    <package name="src.db.entity" line-rate="1" branch-rate="1">
      <classes>
        <class name="Language.ts" filename="src/db/entity/Language.ts" line-rate="1" branch-rate="1">
          <methods>
            <method name="(anonymous_2)" hits="4" signature="()V">
              <lines>
                <line number="10" hits="4"/>
              </lines>
            </method>
          </methods>
          <lines>
            <line number="1" hits="1" branch="false"/>
            <line number="4" hits="1" branch="false"/>
            <line number="8" hits="1" branch="false"/>
            <line number="11" hits="4" branch="false"/>
            <line number="12" hits="4" branch="true" condition-coverage="100% (2/2)"/>
          </lines>
        </class>
        <class name="Translation.ts" filename="src/db/entity/Translation.ts" line-rate="1" branch-rate="1">
          <methods>
            <method name="(anonymous_3)" hits="5" signature="()V">
              <lines>
                <line number="30" hits="5"/>
              </lines>
            </method>
          </methods>
          <lines>
            <line number="1" hits="1" branch="false"/>
            <line number="8" hits="1" branch="false"/>
            <line number="11" hits="1" branch="false"/>
            <line number="15" hits="1" branch="false"/>
            <line number="20" hits="1" branch="false"/>
            <line number="25" hits="1" branch="false"/>
            <line number="28" hits="1" branch="false"/>
            <line number="31" hits="5" branch="false"/>
            <line number="32" hits="5" branch="true" condition-coverage="100% (2/2)"/>
            <line number="33" hits="5" branch="true" condition-coverage="100% (2/2)"/>
            <line number="34" hits="5" branch="true" condition-coverage="100% (2/2)"/>
            <line number="35" hits="5" branch="true" condition-coverage="100% (2/2)"/>
          </lines>
        </class>
      </classes>
    </package>
  </packages>
</coverage>
