TN:
SF:src/LangModule.ts
FN:4,(anonymous_20)
FN:13,LangModule
FN:18,(anonymous_22)
FN:29,(anonymous_25)
FN:36,(anonymous_28)
FNF:5
FNH:5
FNDA:1,(anonymous_20)
FNDA:1,LangModule
FNDA:1,(anonymous_22)
FNDA:1,(anonymous_25)
FNDA:1,(anonymous_28)
DA:1,1
DA:2,1
DA:4,1
DA:14,1
DA:15,1
DA:18,1
DA:19,1
DA:20,1
DA:21,1
DA:22,0
DA:24,1
DA:25,2
DA:26,1
DA:29,1
DA:30,1
DA:31,1
DA:32,2
DA:36,1
DA:37,1
DA:39,1
LF:20
LH:19
BRDA:14,0,0,1
BRDA:14,0,1,0
BRDA:21,1,0,0
BRDA:31,2,0,0
BRF:4
BRH:1
end_of_record
TN:
SF:src/index.ts
FNF:0
FNH:0
DA:1,1
DA:2,1
DA:3,1
DA:5,1
DA:7,1
DA:8,1
LF:6
LH:6
BRF:0
BRH:0
end_of_record
TN:
SF:src/class/GLang.ts
FN:4,(anonymous_0)
FN:11,GLang
FN:20,(anonymous_2)
FN:24,(anonymous_3)
FN:26,(anonymous_4)
FN:31,(anonymous_5)
FN:35,(anonymous_6)
FNF:7
FNH:7
FNDA:1,(anonymous_0)
FNDA:2,GLang
FNDA:1,(anonymous_2)
FNDA:2,(anonymous_3)
FNDA:4,(anonymous_4)
FNDA:6,(anonymous_5)
FNDA:6,(anonymous_6)
DA:4,1
DA:12,2
DA:13,2
DA:14,2
DA:15,2
DA:16,2
DA:20,1
DA:21,1
DA:24,2
DA:25,2
DA:26,4
DA:27,4
DA:31,1
DA:32,6
DA:35,1
DA:36,6
DA:37,2
DA:40,4
DA:41,4
DA:43,0
DA:46,4
DA:48,1
LF:22
LH:21
BRDA:15,0,0,2
BRDA:36,1,0,2
BRDA:37,2,0,2
BRDA:37,2,1,0
BRDA:40,3,0,4
BRDA:40,3,1,0
BRF:6
BRH:4
end_of_record
TN:
SF:src/client/LangClient.ts
FN:7,(anonymous_26)
FN:22,LangClient
FN:31,(anonymous_28)
FN:32,(anonymous_29)
FN:35,(anonymous_30)
FN:36,(anonymous_31)
FN:39,(anonymous_32)
FN:43,(anonymous_33)
FN:57,(anonymous_36)
FN:61,(anonymous_39)
FN:62,(anonymous_40)
FN:68,(anonymous_41)
FN:107,(anonymous_44)
FN:116,(anonymous_47)
FNF:14
FNH:14
FNDA:1,(anonymous_26)
FNDA:1,LangClient
FNDA:6,(anonymous_28)
FNDA:11,(anonymous_29)
FNDA:2,(anonymous_30)
FNDA:4,(anonymous_31)
FNDA:1,(anonymous_32)
FNDA:2,(anonymous_33)
FNDA:2,(anonymous_36)
FNDA:1,(anonymous_39)
FNDA:2,(anonymous_40)
FNDA:1,(anonymous_41)
FNDA:1,(anonymous_44)
FNDA:2,(anonymous_47)
DA:1,1
DA:2,1
DA:3,1
DA:5,1
DA:7,1
DA:14,1
DA:16,1
DA:26,1
DA:27,1
DA:28,1
DA:31,1
DA:32,11
DA:35,1
DA:36,4
DA:39,1
DA:40,1
DA:43,1
DA:44,2
DA:45,2
DA:46,2
DA:47,2
DA:48,2
DA:49,2
DA:50,2
DA:54,0
DA:57,1
DA:58,2
DA:61,1
DA:62,2
DA:68,1
DA:69,1
DA:70,1
DA:71,1
DA:72,1
DA:75,2
DA:76,2
DA:77,2
DA:78,2
DA:79,2
DA:80,2
DA:81,2
DA:86,2
DA:89,2
DA:90,2
DA:91,4
DA:92,4
DA:97,2
DA:98,2
DA:102,0
DA:103,0
DA:107,1
DA:108,1
DA:109,1
DA:110,2
DA:112,0
DA:116,1
DA:117,2
DA:119,3
DA:120,1
DA:121,1
DA:122,1
DA:125,1
DA:127,1
LF:63
LH:59
BRDA:26,0,0,1
BRDA:26,0,1,0
BRDA:54,1,0,0
BRDA:45,2,0,0
BRDA:47,3,0,2
BRDA:47,4,0,2
BRDA:47,4,1,2
BRDA:49,5,0,2
BRDA:54,6,0,0
BRDA:54,6,1,0
BRDA:58,7,0,2
BRDA:71,8,0,1
BRDA:71,8,1,0
BRDA:77,9,0,2
BRDA:77,10,0,2
BRDA:77,10,1,2
BRDA:112,11,0,0
BRDA:109,12,0,0
BRDA:109,13,0,1
BRDA:109,13,1,1
BRDA:125,14,0,1
BRDA:119,15,0,0
BRDA:119,15,1,2
BRDA:119,16,0,2
BRDA:119,16,1,2
BRDA:119,17,0,1
BRDA:120,18,0,0
BRDA:120,18,1,1
BRDA:120,19,0,1
BRDA:120,19,1,1
BRDA:121,20,0,1
BRF:31
BRH:21
end_of_record
