TN:
SF:src/LangModule.ts
FN:14,(anonymous_1)
FN:26,(anonymous_2)
FN:31,(anonymous_3)
FN:47,(anonymous_4)
FNF:4
FNH:4
FNDA:1,(anonymous_1)
FNDA:1,(anonymous_2)
FNDA:1,(anonymous_3)
FNDA:1,(anonymous_4)
DA:1,1
DA:2,1
DA:3,1
DA:5,1
DA:21,1
DA:22,1
DA:23,1
DA:27,1
DA:28,1
DA:32,1
DA:33,1
DA:34,1
DA:35,1
DA:36,1
DA:37,1
DA:38,0
DA:40,1
DA:41,1
DA:42,1
DA:44,1
DA:48,1
LF:21
LH:20
BRDA:35,0,0,1
BRDA:37,1,0,0
BRF:2
BRH:1
end_of_record
TN:
SF:src/index.ts
FNF:0
FNH:0
DA:1,1
DA:2,1
DA:3,1
DA:5,1
DA:6,1
DA:8,1
DA:9,1
LF:7
LH:7
BRF:0
BRH:0
end_of_record
TN:
SF:src/class/GLang.ts
FN:13,(anonymous_0)
FN:23,(anonymous_1)
FN:27,(anonymous_2)
FN:29,(anonymous_3)
FN:34,(anonymous_4)
FN:38,(anonymous_5)
FNF:6
FNH:6
FNDA:4,(anonymous_0)
FNDA:1,(anonymous_1)
FNDA:4,(anonymous_2)
FNDA:6,(anonymous_3)
FNDA:12,(anonymous_4)
FNDA:12,(anonymous_5)
DA:1,1
DA:4,1
DA:14,4
DA:15,4
DA:16,4
DA:17,4
DA:18,4
DA:19,4
DA:24,1
DA:28,4
DA:29,4
DA:30,6
DA:35,12
DA:39,12
DA:40,4
DA:43,8
DA:44,8
DA:46,0
DA:49,8
DA:50,8
LF:20
LH:19
BRDA:18,0,0,4
BRDA:39,1,0,4
BRDA:40,2,0,4
BRDA:40,2,1,0
BRDA:43,3,0,8
BRDA:43,3,1,0
BRF:6
BRH:4
end_of_record
TN:
SF:src/client/LangClient.ts
FN:21,(anonymous_7)
FN:25,(anonymous_8)
FN:29,(anonymous_9)
FN:67,(anonymous_10)
FN:71,(anonymous_11)
FN:85,(anonymous_12)
FN:89,(anonymous_13)
FN:91,(anonymous_14)
FN:98,(anonymous_15)
FN:144,(anonymous_16)
FN:153,(anonymous_17)
FNF:11
FNH:11
FNDA:1,(anonymous_7)
FNDA:8,(anonymous_8)
FNDA:5,(anonymous_9)
FNDA:1,(anonymous_10)
FNDA:4,(anonymous_11)
FNDA:4,(anonymous_12)
FNDA:1,(anonymous_13)
FNDA:2,(anonymous_14)
FNDA:1,(anonymous_15)
FNDA:1,(anonymous_16)
FNDA:2,(anonymous_17)
DA:1,1
DA:2,1
DA:3,1
DA:5,1
DA:7,1
DA:8,1
DA:10,1
DA:17,1
DA:19,1
DA:22,1
DA:26,8
DA:33,5
DA:34,5
DA:35,5
DA:36,0
DA:38,5
DA:39,5
DA:40,3
DA:46,2
DA:47,2
DA:58,5
DA:64,5
DA:68,1
DA:72,4
DA:73,4
DA:74,4
DA:75,4
DA:76,4
DA:77,4
DA:78,4
DA:82,0
DA:86,4
DA:90,1
DA:91,2
DA:99,1
DA:100,1
DA:101,1
DA:102,1
DA:103,1
DA:106,1
DA:107,2
DA:108,2
DA:109,2
DA:110,2
DA:111,2
DA:112,2
DA:113,2
DA:114,0
DA:116,2
DA:119,2
DA:122,2
DA:123,2
DA:124,2
DA:125,4
DA:134,2
DA:139,0
DA:140,0
DA:145,1
DA:146,1
DA:147,1
DA:149,0
DA:154,2
DA:156,2
DA:157,2
DA:158,2
DA:159,2
DA:162,0
LF:67
LH:60
BRDA:35,0,0,0
BRDA:39,1,0,3
BRDA:39,1,1,2
BRDA:73,2,0,4
BRDA:75,3,0,4
BRDA:75,4,0,4
BRDA:75,4,1,4
BRDA:77,5,0,4
BRDA:82,6,0,0
BRDA:82,6,1,0
BRDA:98,7,0,1
BRDA:102,8,0,1
BRDA:102,8,1,0
BRDA:108,9,0,2
BRDA:108,10,0,2
BRDA:108,10,1,2
BRDA:113,11,0,0
BRDA:113,11,1,2
BRDA:146,12,0,1
BRDA:146,12,1,0
BRDA:146,13,0,1
BRDA:146,13,1,1
BRDA:156,14,0,2
BRDA:158,15,0,2
BRF:24
BRH:18
end_of_record
TN:
SF:src/db/LangDb.ts
FN:10,(anonymous_1)
FN:16,(anonymous_2)
FNF:2
FNH:2
FNDA:1,(anonymous_1)
FNDA:1,(anonymous_2)
DA:1,1
DA:2,1
DA:3,1
DA:5,1
DA:11,1
DA:12,1
DA:13,1
DA:17,1
LF:8
LH:8
BRF:0
BRH:0
end_of_record
TN:
SF:src/db/index.ts
FNF:0
FNH:0
DA:1,1
DA:2,1
DA:3,1
DA:5,1
LF:4
LH:4
BRF:0
BRH:0
end_of_record
TN:
SF:src/db/entity/Language.ts
FN:10,(anonymous_2)
FNF:1
FNH:1
FNDA:4,(anonymous_2)
DA:1,1
DA:4,1
DA:8,1
DA:11,4
DA:12,4
LF:5
LH:5
BRDA:12,0,0,4
BRDA:12,0,1,2
BRF:2
BRH:2
end_of_record
TN:
SF:src/db/entity/Translation.ts
FN:30,(anonymous_3)
FNF:1
FNH:1
FNDA:5,(anonymous_3)
DA:1,1
DA:8,1
DA:11,1
DA:15,1
DA:20,1
DA:25,1
DA:28,1
DA:31,5
DA:32,5
DA:33,5
DA:34,5
DA:35,5
LF:12
LH:12
BRDA:32,0,0,5
BRDA:32,0,1,1
BRDA:33,1,0,5
BRDA:33,1,1,1
BRDA:34,2,0,5
BRDA:34,2,1,1
BRDA:35,3,0,5
BRDA:35,3,1,1
BRF:8
BRH:8
end_of_record
